2021年6月12日下午6:25:33 -->> : create table student(sno int,sname char(10),sdept char(30),ssex char(5),sage int);
2021年6月12日下午6:27:31 -->> : insert into student(sno,sname,sdept,ssex,sage) values (2021001,'小李','数学系','男',20);
2021年6月12日下午6:28:40 -->> : insert into student(sno,sname,sdept,ssex,sage) values (2021002,'小明','英语系','男',21);
2021年6月12日下午6:31:48 -->> : insert into student(sno,sname,sdept,ssex,sage) values (2021003,'xiaoming','English','m',21);
2021年6月12日下午8:10:34 -->> : select * from student
2021年6月12日下午8:11:45 -->> : insert into student(sno,sname,sdept,ssex,sage) values (2021003,'小刚','天文系','男',20);
2021年6月12日下午8:11:57 -->> : select * from student
2021年6月12日下午8:12:57 -->> : insert into student(sno,sname,sdept,ssex,sage) values (2021004,'小叶','金融系','女',19);
2021年6月12日下午8:13:30 -->> : select * from student
2021年6月19日下午9:43:40 -->> : create table test2(sno int primary key not null,sname char(10) not null,sdept char(30),ssex char(5),sage int)
2021年6月21日下午6:59:16 -->> : create table test(sno int primary key not null,sname char(10) not null,sdept char(30),ssex char(5),sage int)
2021年6月21日下午7:10:11 -->> : insert into test2 (sno,sname,sdept,ssex,sage)values (001,'nn','chinese','女',18);

2021年6月21日下午8:33:26 -->> : insert into test2(sno,sname,sdept,ssex,sage) values (2018, jack','computer','男',26)；
2021年6月21日下午10:13:52 -->> : insert into test2 (sno,sname,sdept,ssex,sage) values (2019,'jack1','math','男',16);
2021年6月22日上午10:28:09 -->> : drop table student;
2021年6月22日上午10:28:19 -->> : create table student(sno char(15) primary key not null,sname char(10) not null,sdept char(30),ssex char(5),sage int);
2021年6月22日上午10:30:48 -->> : insert into student (sno,sname,sdept,ssex,sage) values ('201912210001','jack','computer','男',19);
2021年6月22日上午10:31:48 -->> : insert into student (sno,sname,sdept,ssex,sage) values ('201912210002','Amy','MAth','女',19);
2021年6月22日上午10:32:24 -->> : insert into student (sno,sname,sdept,ssex,sage) values ('201912210003','Jam','MAth','男',19);
2021年6月22日上午10:33:38 -->> : insert into student (sno,sname,sdept,ssex,sage) values ('2002','Amy','MAth','Female',19);

2021年6月22日上午10:33:45 -->> : insert into student (sno,sname,sdept,ssex,sage) values ('2001','jack','computer','Male',19);
2021年6月22日上午10:35:51 -->> : drop table student;
2021年6月22日上午10:36:23 -->> : create table student(sno char(15) primary key not null,sname char(10) not null,sdept char(30),ssex char(5),sage int);
2021年6月22日上午10:36:48 -->> : insert into student (sno,sname,sdept,ssex,sage) values ('2001','jack','computer','Male',19);
2021年6月22日上午10:36:57 -->> : insert into student (sno,sname,sdept,ssex,sage) values ('2002','Amy','MAth','Female',19);
2021年6月22日上午10:37:28 -->> : insert into student (sno,sname,sdept,ssex,sage) values ('2003','Sam','Art','Female',18);
2021年6月22日上午10:37:59 -->> : insert into student (sno,sname,sdept,ssex,sage) values ('2004','Tom','chinese','male',18);
2021年6月22日上午10:41:23 -->> : alter table student drop column grade;
2021年6月22日上午10:48:45 -->> : alter table student add  grade char(5);
2021年6月22日上午10:49:54 -->> : insert into student (sno,sname,sdept,ssex,sage) values ('2005','Tobm','Art','Male',18);
2021年6月22日上午10:54:22 -->> : update student set sname='Tony' where sno='2005';
2021年6月22日上午10:57:04 -->> : delete from student where sno='2005';
2021年6月22日上午10:57:38 -->> : select * from student where sno='2001';
2021年6月22日下午1:58:40 -->> : create table student1(sno char(15) primary key not null,sname char(10) not null,sdept char(30),ssex char(5),sage int);
2021年6月22日下午2:00:24 -->> : alter table student add  grade int;
2021年6月22日下午2:09:31 -->> : create table student3(sno char(15) primary key not null,sname char(10) not null,sdept char(30),ssex char(5),sage int);
2021年6月22日下午2:10:29 -->> : insert into student (sno,sname,sdept,ssex,sage) values ('2001','王一','计算机系','男',19);
2021年6月22日下午2:12:10 -->> : insert into student3 (sno,sname,sdept,ssex,sage) values ('2001','依依','计算机系','男',19);
2021年6月22日下午2:12:49 -->> : insert into student3 (sno,sname,sdept,ssex,sage) values ('2002','望望','建筑系','男',18);
2021年6月22日下午2:16:26 -->> : create table student4(sno char(15) primary key not null,sname char(10) not null,sdept char(30),ssex char(5),sage int);
2021年6月22日下午2:44:36 -->> : 
create table student5(sno char(15) primary key not null,sname char(10) not null,sdept char(30),ssex char(5),sage int);
2021年6月22日下午3:16:56 -->> : create table student8(sno char(15) primary key not null,sname char(10) not null,sdept char(30),ssex char(5),sage int);
2021年6月22日下午3:28:56 -->> : create table s1(sno char(15) primary key not null,sname char(10) not null,sdept char(30),ssex char(5),sage int);
2021年6月22日下午3:29:52 -->> : create table s2(sno char(15) primary key not null,sname char(10) not null,sdept char(30),ssex char(5),sage int);
2021年6月22日下午3:30:48 -->> : create table s3(sno char(15) primary key not null,sname char(10) not null,sdept char(30),ssex char(5),sage int);
2021年6月22日下午3:31:50 -->> : create table s4(sno char(15) primary key not null,sname char(10) not null,sdept char(30),ssex char(5),sage int);
2021年6月22日下午3:32:56 -->> : create table s5(sno char(15) primary key not null,sname char(10) not null,sdept char(30),ssex char(5),sage int);
2021年6月22日下午3:34:09 -->> : create table s6(sno char(15) primary key not null,sname char(10) not null,sdept char(30),ssex char(5),sage int);
2021年6月22日下午3:35:27 -->> : create table s7(sno char(15) primary key not null,sname char(10) not null,sdept char(30),ssex char(5),sage int);
2021年6月22日下午4:10:51 -->> : create table s1(sno char(15) primary key not null,sname char(10) not null,sdept char(30),ssex char(5),sage int);
2021年6月22日下午8:54:20 -->> : create table student9(sno char(15) primary key not null,sname char(10) not null,sdept char(30),ssex char(5),sage int);
2021年6月22日下午8:58:48 -->> : create table student1(sno char(15) primary key not null,sname char(10) not null,sdept char(30),ssex char(5),sage int);
2021年6月22日下午8:59:39 -->> : insert into student1 (sno,sname,sdept,ssex,sage) values ('2001','jack','computer','Male',19);
2021年6月23日上午10:43:41 -->> : create table student(sno char(15) primary key not null,sname char(10) not null,sdept char(30),ssex char(5),sage int);
2021年6月23日上午11:15:48 -->> : insert into student (sno,sname,sdept,ssex,sage) values ('2001','jack','computer','Male',19);

2021年6月23日上午11:16:25 -->> : 
create table student3(sno char(15) primary key not null,sname char(10) not null,sdept char(30),ssex char(5),sage int);
2021年6月23日上午11:17:18 -->> : create table studen3t(sno char(15) primary key not null,sname char(10) not null,sdept char(30),ssex char(5),sage int);
2021年6月23日上午11:26:59 -->> : create table student8(sno char(15) primary key not null,sname char(10) not null,sdept char(30),ssex char(5),sage int);
2021年6月23日上午11:29:23 -->> : create table student9(sno char(15) primary key not null,sname char(10) not null,sdept char(30),ssex char(5),sage int);
2021年6月23日上午11:32:19 -->> : create table student(sno char(15) primary key not null,sname char(10) not null,sdept char(30),ssex char(5),sage int);
2021年6月23日上午11:34:36 -->> : create table student1(sno char(15) primary key not null,sname char(10) not null,sdept char(30),ssex char(5),sage int);
2021年6月23日上午11:39:22 -->> : 
create table student2(sno char(15) primary key not null,sname char(10) not null,sdept char(30),ssex char(5),sage int);
2021年6月23日上午11:40:10 -->> : 
create table student4(sno char(15) primary key not null,sname char(10) not null,sdept char(30),ssex char(5),sage int);
2021年6月23日上午11:49:11 -->> : 
create table student3(sno char(15) primary key not null,sname char(10) not null,sdept char(30),ssex char(5),sage int);
2021年6月23日上午11:49:29 -->> : 
insert into student3 (sno,sname,sdept,ssex,sage) values ('2001','jack','computer','Male',19);
2021年6月23日上午11:49:47 -->> : insert into student (sno,sname,sdept,ssex,sage) values ('2002','Amy','MAth','Female',19);
2021年6月23日上午11:50:57 -->> : insert into student3 (sno,sname,sdept,ssex,sage) values ('2003','jackkk','computer','Male',19);
2021年6月23日上午11:52:51 -->> : insert into student3 (sno,sname,sdept,ssex,sage) values ('2003','Sam','Art','Female',18);
2021年6月23日下午1:30:13 -->> : create table student(sno char(15) primary key not null,sname char(10) not null,sdept char(30),ssex char(5),sage int);
2021年6月23日下午1:30:48 -->> : create table student(sno char(15) primary key not null,sname char(10) not null,sdept char(30),ssex char(5),sage int);
2021年6月23日下午1:31:20 -->> : create table student(sno char(15) primary key not null,sname char(10) not null,sdept char(30),ssex char(5),sage int);
2021年6月23日下午1:31:54 -->> : create table student(sno char(15) primary key not null,sname char(10) not null,sdept char(30),ssex char(5),sage int);
2021年6月23日下午1:33:02 -->> : 
insert into student (sno,sname,sdept,ssex,sage) values ('2001','jack','computer','Male',19);
2021年6月23日下午1:33:54 -->> : create table student(sno char(15) primary key not null,sname char(10) not null,sdept char(30),ssex char(5),sage int);
2021年6月23日下午1:34:24 -->> : insert into student (sno,sname,sdept,ssex,sage) values ('2001','jack','computer','Male',19);
2021年6月23日下午1:34:33 -->> : insert into student (sno,sname,sdept,ssex,sage) values ('2002','Amy','MAth','Female',19);
2021年6月23日下午1:34:42 -->> : insert into student (sno,sname,sdept,ssex,sage) values ('2003','Sam','Art','Female',18);

2021年6月23日下午1:36:05 -->> : alter table student add  grade char(5);
2021年6月23日下午1:37:54 -->> : alter table student add  gradee char(5);
2021年6月23日下午1:45:04 -->> : alter table student add  grade char(5);
2021年6月23日下午1:46:09 -->> : alter table student add  gde char(5);
2021年6月23日下午1:47:21 -->> : alter table student add  eeee char(5);
2021年6月23日下午1:48:16 -->> : alter table student add  ere char(5);
2021年6月23日下午1:49:20 -->> : alter table student add  erete char(5);
2021年6月23日下午1:55:48 -->> : alter table student add  grade3 char(5);
2021年6月23日下午1:57:45 -->> : alter table student add  grade char(5);
2021年6月23日下午1:58:09 -->> : insert into student (sno,sname,sdept,ssex,sage) values ('2005','Tobm','Art','Male',18);
2021年6月23日下午1:58:59 -->> : alter table student drop column gradee ;
2021年6月23日下午1:59:37 -->> : insert into student (sno,sname,sdept,ssex,sage) values ('2005','Tobm','Art','Male',18);
2021年6月23日下午2:04:19 -->> : insert into student (sno,sname,sdept,ssex,sage) values ('2006','Teem','Art','Male',18);
2021年6月23日下午2:06:42 -->> : alter table student drop column gde ;
2021年6月23日下午2:12:08 -->> : 

create table student1(sno char(15) primary key not null,sname char(10) not null,sdept char(30),ssex char(5),sage int);
2021年6月23日下午3:14:35 -->> : drop table student;
2021年6月23日下午3:15:34 -->> : insert into student1 (sno,sname,sdept,ssex,sage) values ('2013','jeek','computer','Male',19);
2021年6月23日下午3:24:36 -->> : update student1 set sage=18 where sno=2018;
2021年6月23日下午3:26:55 -->> : create table test2(sno int primary key not null,sname char(10) not null,sdept char(30),ssex char(5),sage int);
2021年6月23日下午3:27:04 -->> : insert into test2 (sno,sname,sdept,ssex,sage) values (2018,'jack','computer','男',26);
2021年6月23日下午3:27:25 -->> : update test2 set sage=18 where sno=2018;
2021年6月23日下午3:29:25 -->> : insert into test2 (sno,sname,sdept,ssex,sage) values (2011,'jacddk','computer','男',26);

2021年6月23日下午4:04:03 -->> : insert into test2 (sno,sname,sdept,ssex,sage) values (2020,'jatck','computer','男',26);
2021年6月23日下午4:20:50 -->> : insert into test2 (sno,sname,sdept,ssex,sage) values (2002,'jacddk','computer','男',26);
2021年6月24日上午10:17:20 -->> : insert into test2 (sno,sname,sdept,ssex,sage) values (2002,'jacdddk','computer','男',26);
2021年6月24日上午10:34:03 -->> : select * from test2 where sno=2018;
2021年6月24日上午10:35:34 -->> : select * from test2 where sno=2018;
2021年6月24日上午10:50:59 -->> : create table test3(sno int primary key not null,sname char(10) not null,sdept char(30),ssex char(5),sage int);
2021年6月24日上午11:09:35 -->> : create table test4(sno int primary key not null,sname char(10) not null,sdept char(30),ssex char(5),sage int);
2021年6月24日上午11:12:08 -->> : create table test5(sno int primary key not null,sname char(10) not null,sdept char(30),ssex char(5),sage int);
2021年6月24日上午11:18:12 -->> : create table test8(sno int primary key not null,sname char(10) not null,sdept char(30),ssex char(5),sage int);
2021年6月24日下午8:11:32 -->> : create table student (sno int primary key,sname char(10) not null,sage int);
2021年6月24日下午8:12:08 -->> : insert into student (sno,sname,sage) values (1001,'LiHong',19);
2021年6月24日下午8:14:31 -->> : insert into student (sno,sname,sage) values (1002,'xiaoming',20);
2021年6月24日下午8:16:00 -->> : update student set sage=18 where sname='xiaoming';
2021年6月24日下午8:16:17 -->> : select * from student;
2021年6月24日下午9:00:08 -->> : create table test (x int,y int);
2021年6月24日下午9:01:33 -->> : insert into test (x,y) values (1,2);
2021年6月25日上午11:51:21 -->> : insert into test(x,y) values (3,4);
2021年6月25日上午11:51:38 -->> : insert into test (x,y) values (5,6);
2021年6月25日上午11:52:17 -->> : insert into test (x,y) values (2,2);
2021年6月25日上午11:52:47 -->> : select * from test group by y;
2021年6月25日上午11:53:31 -->> : select * from test order by y;
2021年6月25日上午11:55:04 -->> : select * from test where x<=5 group by y;
2021年6月25日上午11:56:25 -->> : select * from test where y=2;
2021年6月25日上午11:58:24 -->> : select * from test group by y;
